{"/Users/rj/Documents/XQ_Test/src/App.tsx": {"path":"/Users/rj/Documents/XQ_Test/src/App.tsx","statementMap":{"0":{"start":{"line":5,"column":12},"end":{"line":11,"column":1}},"1":{"start":{"line":6,"column":2},"end":{"line":10,"column":4}}},"fnMap":{"0":{"name":"(anonymous_0)","decl":{"start":{"line":5,"column":12},"end":{"line":5,"column":13}},"loc":{"start":{"line":5,"column":18},"end":{"line":11,"column":1}},"line":5}},"branchMap":{},"s":{"0":0,"1":0},"f":{"0":0},"b":{}}
,"/Users/rj/Documents/XQ_Test/src/index.tsx": {"path":"/Users/rj/Documents/XQ_Test/src/index.tsx","statementMap":{"0":{"start":{"line":5,"column":0},"end":{"line":10,"column":2}}},"fnMap":{},"branchMap":{},"s":{"0":0},"f":{},"b":{}}
,"/Users/rj/Documents/XQ_Test/src/react-app-env.d.js": {"path":"/Users/rj/Documents/XQ_Test/src/react-app-env.d.js","statementMap":{},"fnMap":{},"branchMap":{},"s":{},"f":{},"b":{}}
,"/Users/rj/Documents/XQ_Test/src/setupTests.ts": {"path":"/Users/rj/Documents/XQ_Test/src/setupTests.ts","statementMap":{"0":{"start":{"line":4,"column":16},"end":{"line":4,"column":61}},"1":{"start":{"line":5,"column":15},"end":{"line":5,"column":32}},"2":{"start":{"line":7,"column":0},"end":{"line":7,"column":45}}},"fnMap":{},"branchMap":{},"s":{"0":0,"1":0,"2":0},"f":{},"b":{}}
,"/Users/rj/Documents/XQ_Test/src/container/CryptoGraphy/CryptoGraphy.tsx": {"path":"/Users/rj/Documents/XQ_Test/src/container/CryptoGraphy/CryptoGraphy.tsx","statementMap":{"0":{"start":{"line":6,"column":34},"end":{"line":30,"column":1}},"1":{"start":{"line":7,"column":26},"end":{"line":7,"column":42}},"2":{"start":{"line":8,"column":44},"end":{"line":8,"column":56}},"3":{"start":{"line":10,"column":31},"end":{"line":13,"column":3}},"4":{"start":{"line":11,"column":4},"end":{"line":11,"column":24}},"5":{"start":{"line":12,"column":4},"end":{"line":12,"column":27}},"6":{"start":{"line":15,"column":32},"end":{"line":17,"column":3}},"7":{"start":{"line":16,"column":4},"end":{"line":16,"column":31}},"8":{"start":{"line":19,"column":2},"end":{"line":29,"column":4}}},"fnMap":{"0":{"name":"(anonymous_0)","decl":{"start":{"line":6,"column":34},"end":{"line":6,"column":35}},"loc":{"start":{"line":6,"column":40},"end":{"line":30,"column":1}},"line":6},"1":{"name":"(anonymous_1)","decl":{"start":{"line":10,"column":31},"end":{"line":10,"column":32}},"loc":{"start":{"line":10,"column":49},"end":{"line":13,"column":3}},"line":10},"2":{"name":"(anonymous_2)","decl":{"start":{"line":15,"column":32},"end":{"line":15,"column":33}},"loc":{"start":{"line":15,"column":38},"end":{"line":17,"column":3}},"line":15}},"branchMap":{"0":{"loc":{"start":{"line":22,"column":9},"end":{"line":22,"column":75}},"type":"binary-expr","locations":[{"start":{"line":22,"column":9},"end":{"line":22,"column":24}},{"start":{"line":22,"column":28},"end":{"line":22,"column":75}}],"line":22},"1":{"loc":{"start":{"line":23,"column":9},"end":{"line":23,"column":78}},"type":"binary-expr","locations":[{"start":{"line":23,"column":9},"end":{"line":23,"column":28}},{"start":{"line":23,"column":32},"end":{"line":23,"column":78}}],"line":23},"2":{"loc":{"start":{"line":24,"column":9},"end":{"line":26,"column":9}},"type":"binary-expr","locations":[{"start":{"line":24,"column":9},"end":{"line":24,"column":35}},{"start":{"line":25,"column":10},"end":{"line":25,"column":53}}],"line":24}},"s":{"0":0,"1":0,"2":0,"3":0,"4":0,"5":0,"6":0,"7":0,"8":0},"f":{"0":0,"1":0,"2":0},"b":{"0":[0,0],"1":[0,0],"2":[0,0]}}
,"/Users/rj/Documents/XQ_Test/src/container/CryptoGraphy/index.ts": {"path":"/Users/rj/Documents/XQ_Test/src/container/CryptoGraphy/index.ts","statementMap":{},"fnMap":{},"branchMap":{},"s":{},"f":{},"b":{}}
,"/Users/rj/Documents/XQ_Test/src/container/CryptoGraphy/InputEmail/InputEmail.tsx": {"path":"/Users/rj/Documents/XQ_Test/src/container/CryptoGraphy/InputEmail/InputEmail.tsx","statementMap":{"0":{"start":{"line":9,"column":39},"end":{"line":60,"column":1}},"1":{"start":{"line":10,"column":18},"end":{"line":10,"column":42}},"2":{"start":{"line":11,"column":32},"end":{"line":11,"column":47}},"3":{"start":{"line":12,"column":36},"end":{"line":12,"column":51}},"4":{"start":{"line":13,"column":26},"end":{"line":13,"column":38}},"5":{"start":{"line":14,"column":32},"end":{"line":16,"column":3}},"6":{"start":{"line":17,"column":32},"end":{"line":17,"column":47}},"7":{"start":{"line":19,"column":2},"end":{"line":22,"column":9}},"8":{"start":{"line":20,"column":4},"end":{"line":20,"column":21}},"9":{"start":{"line":21,"column":4},"end":{"line":21,"column":35}},"10":{"start":{"line":21,"column":17},"end":{"line":21,"column":34}},"11":{"start":{"line":24,"column":36},"end":{"line":27,"column":3}},"12":{"start":{"line":25,"column":4},"end":{"line":25,"column":28}},"13":{"start":{"line":26,"column":4},"end":{"line":26,"column":42}},"14":{"start":{"line":29,"column":28},"end":{"line":35,"column":3}},"15":{"start":{"line":30,"column":4},"end":{"line":30,"column":21}},"16":{"start":{"line":31,"column":4},"end":{"line":34,"column":7}},"17":{"start":{"line":32,"column":6},"end":{"line":32,"column":27}},"18":{"start":{"line":32,"column":20},"end":{"line":32,"column":27}},"19":{"start":{"line":33,"column":6},"end":{"line":33,"column":26}},"20":{"start":{"line":37,"column":2},"end":{"line":59,"column":4}}},"fnMap":{"0":{"name":"(anonymous_0)","decl":{"start":{"line":9,"column":39},"end":{"line":9,"column":40}},"loc":{"start":{"line":9,"column":58},"end":{"line":60,"column":1}},"line":9},"1":{"name":"(anonymous_1)","decl":{"start":{"line":19,"column":12},"end":{"line":19,"column":13}},"loc":{"start":{"line":19,"column":18},"end":{"line":22,"column":3}},"line":19},"2":{"name":"(anonymous_2)","decl":{"start":{"line":21,"column":11},"end":{"line":21,"column":12}},"loc":{"start":{"line":21,"column":17},"end":{"line":21,"column":34}},"line":21},"3":{"name":"(anonymous_3)","decl":{"start":{"line":24,"column":36},"end":{"line":24,"column":37}},"loc":{"start":{"line":24,"column":74},"end":{"line":27,"column":3}},"line":24},"4":{"name":"(anonymous_4)","decl":{"start":{"line":29,"column":28},"end":{"line":29,"column":29}},"loc":{"start":{"line":29,"column":34},"end":{"line":35,"column":3}},"line":29},"5":{"name":"(anonymous_5)","decl":{"start":{"line":31,"column":38},"end":{"line":31,"column":39}},"loc":{"start":{"line":31,"column":59},"end":{"line":34,"column":5}},"line":31}},"branchMap":{"0":{"loc":{"start":{"line":32,"column":6},"end":{"line":32,"column":27}},"type":"if","locations":[{"start":{"line":32,"column":6},"end":{"line":32,"column":27}},{"start":{},"end":{}}],"line":32},"1":{"loc":{"start":{"line":52,"column":20},"end":{"line":52,"column":41}},"type":"binary-expr","locations":[{"start":{"line":52,"column":20},"end":{"line":52,"column":27}},{"start":{"line":52,"column":31},"end":{"line":52,"column":41}}],"line":52}},"s":{"0":0,"1":0,"2":0,"3":0,"4":0,"5":0,"6":0,"7":0,"8":0,"9":0,"10":0,"11":0,"12":0,"13":0,"14":0,"15":0,"16":0,"17":0,"18":0,"19":0,"20":0},"f":{"0":0,"1":0,"2":0,"3":0,"4":0,"5":0},"b":{"0":[0,0],"1":[0,0]}}
,"/Users/rj/Documents/XQ_Test/src/container/CryptoGraphy/InputEmail/InputEmail.types.ts": {"path":"/Users/rj/Documents/XQ_Test/src/container/CryptoGraphy/InputEmail/InputEmail.types.ts","statementMap":{},"fnMap":{},"branchMap":{},"s":{},"f":{},"b":{}}
,"/Users/rj/Documents/XQ_Test/src/container/CryptoGraphy/InputEmail/index.ts": {"path":"/Users/rj/Documents/XQ_Test/src/container/CryptoGraphy/InputEmail/index.ts","statementMap":{},"fnMap":{},"branchMap":{},"s":{},"f":{},"b":{}}
,"/Users/rj/Documents/XQ_Test/src/container/CryptoGraphy/InputPin/InputPin.tsx": {"path":"/Users/rj/Documents/XQ_Test/src/container/CryptoGraphy/InputPin/InputPin.tsx","statementMap":{"0":{"start":{"line":8,"column":36},"end":{"line":57,"column":1}},"1":{"start":{"line":9,"column":18},"end":{"line":9,"column":42}},"2":{"start":{"line":10,"column":32},"end":{"line":10,"column":47}},"3":{"start":{"line":11,"column":32},"end":{"line":11,"column":66}},"4":{"start":{"line":12,"column":32},"end":{"line":12,"column":44}},"5":{"start":{"line":13,"column":32},"end":{"line":13,"column":47}},"6":{"start":{"line":15,"column":2},"end":{"line":18,"column":9}},"7":{"start":{"line":16,"column":4},"end":{"line":16,"column":21}},"8":{"start":{"line":17,"column":4},"end":{"line":17,"column":35}},"9":{"start":{"line":17,"column":17},"end":{"line":17,"column":34}},"10":{"start":{"line":20,"column":26},"end":{"line":22,"column":3}},"11":{"start":{"line":21,"column":4},"end":{"line":21,"column":31}},"12":{"start":{"line":24,"column":25},"end":{"line":31,"column":3}},"13":{"start":{"line":25,"column":4},"end":{"line":25,"column":21}},"14":{"start":{"line":26,"column":4},"end":{"line":30,"column":7}},"15":{"start":{"line":27,"column":6},"end":{"line":27,"column":27}},"16":{"start":{"line":27,"column":20},"end":{"line":27,"column":27}},"17":{"start":{"line":28,"column":6},"end":{"line":28,"column":26}},"18":{"start":{"line":29,"column":6},"end":{"line":29,"column":24}},"19":{"start":{"line":33,"column":2},"end":{"line":56,"column":4}},"20":{"start":{"line":59,"column":0},"end":{"line":61,"column":2}},"21":{"start":{"line":63,"column":0},"end":{"line":65,"column":2}}},"fnMap":{"0":{"name":"(anonymous_0)","decl":{"start":{"line":8,"column":36},"end":{"line":8,"column":37}},"loc":{"start":{"line":8,"column":55},"end":{"line":57,"column":1}},"line":8},"1":{"name":"(anonymous_1)","decl":{"start":{"line":15,"column":12},"end":{"line":15,"column":13}},"loc":{"start":{"line":15,"column":18},"end":{"line":18,"column":3}},"line":15},"2":{"name":"(anonymous_2)","decl":{"start":{"line":17,"column":11},"end":{"line":17,"column":12}},"loc":{"start":{"line":17,"column":17},"end":{"line":17,"column":34}},"line":17},"3":{"name":"(anonymous_3)","decl":{"start":{"line":20,"column":26},"end":{"line":20,"column":27}},"loc":{"start":{"line":20,"column":64},"end":{"line":22,"column":3}},"line":20},"4":{"name":"(anonymous_4)","decl":{"start":{"line":24,"column":25},"end":{"line":24,"column":26}},"loc":{"start":{"line":24,"column":31},"end":{"line":31,"column":3}},"line":24},"5":{"name":"(anonymous_5)","decl":{"start":{"line":26,"column":41},"end":{"line":26,"column":42}},"loc":{"start":{"line":26,"column":62},"end":{"line":30,"column":5}},"line":26},"6":{"name":"(anonymous_6)","decl":{"start":{"line":64,"column":13},"end":{"line":64,"column":14}},"loc":{"start":{"line":64,"column":19},"end":{"line":64,"column":21}},"line":64}},"branchMap":{"0":{"loc":{"start":{"line":27,"column":6},"end":{"line":27,"column":27}},"type":"if","locations":[{"start":{"line":27,"column":6},"end":{"line":27,"column":27}},{"start":{},"end":{}}],"line":27}},"s":{"0":0,"1":0,"2":0,"3":0,"4":0,"5":0,"6":0,"7":0,"8":0,"9":0,"10":0,"11":0,"12":0,"13":0,"14":0,"15":0,"16":0,"17":0,"18":0,"19":0,"20":0,"21":0},"f":{"0":0,"1":0,"2":0,"3":0,"4":0,"5":0,"6":0},"b":{"0":[0,0]}}
,"/Users/rj/Documents/XQ_Test/src/container/CryptoGraphy/InputPin/InputPin.types.ts": {"path":"/Users/rj/Documents/XQ_Test/src/container/CryptoGraphy/InputPin/InputPin.types.ts","statementMap":{},"fnMap":{},"branchMap":{},"s":{},"f":{},"b":{}}
,"/Users/rj/Documents/XQ_Test/src/container/CryptoGraphy/InputPin/index.ts": {"path":"/Users/rj/Documents/XQ_Test/src/container/CryptoGraphy/InputPin/index.ts","statementMap":{},"fnMap":{},"branchMap":{},"s":{},"f":{},"b":{}}
,"/Users/rj/Documents/XQ_Test/src/container/CryptoGraphy/Messaging/Messaging.tsx": {"path":"/Users/rj/Documents/XQ_Test/src/container/CryptoGraphy/Messaging/Messaging.tsx","statementMap":{"0":{"start":{"line":8,"column":38},"end":{"line":107,"column":1}},"1":{"start":{"line":9,"column":29},"end":{"line":9,"column":53}},"2":{"start":{"line":10,"column":52},"end":{"line":10,"column":64}},"3":{"start":{"line":11,"column":52},"end":{"line":11,"column":64}},"4":{"start":{"line":12,"column":38},"end":{"line":12,"column":50}},"5":{"start":{"line":13,"column":32},"end":{"line":13,"column":47}},"6":{"start":{"line":14,"column":32},"end":{"line":14,"column":47}},"7":{"start":{"line":16,"column":2},"end":{"line":19,"column":9}},"8":{"start":{"line":17,"column":4},"end":{"line":17,"column":21}},"9":{"start":{"line":18,"column":4},"end":{"line":18,"column":35}},"10":{"start":{"line":18,"column":17},"end":{"line":18,"column":34}},"11":{"start":{"line":21,"column":36},"end":{"line":23,"column":3}},"12":{"start":{"line":22,"column":4},"end":{"line":22,"column":41}},"13":{"start":{"line":25,"column":36},"end":{"line":27,"column":3}},"14":{"start":{"line":26,"column":4},"end":{"line":26,"column":41}},"15":{"start":{"line":29,"column":20},"end":{"line":47,"column":3}},"16":{"start":{"line":30,"column":4},"end":{"line":30,"column":21}},"17":{"start":{"line":31,"column":4},"end":{"line":46,"column":6}},"18":{"start":{"line":37,"column":8},"end":{"line":37,"column":29}},"19":{"start":{"line":37,"column":22},"end":{"line":37,"column":29}},"20":{"start":{"line":38,"column":8},"end":{"line":38,"column":38}},"21":{"start":{"line":39,"column":8},"end":{"line":39,"column":34}},"22":{"start":{"line":40,"column":8},"end":{"line":40,"column":26}},"23":{"start":{"line":43,"column":8},"end":{"line":43,"column":29}},"24":{"start":{"line":43,"column":22},"end":{"line":43,"column":29}},"25":{"start":{"line":44,"column":8},"end":{"line":44,"column":26}},"26":{"start":{"line":49,"column":20},"end":{"line":66,"column":3}},"27":{"start":{"line":50,"column":4},"end":{"line":50,"column":21}},"28":{"start":{"line":51,"column":4},"end":{"line":65,"column":6}},"29":{"start":{"line":57,"column":8},"end":{"line":57,"column":29}},"30":{"start":{"line":57,"column":22},"end":{"line":57,"column":29}},"31":{"start":{"line":58,"column":8},"end":{"line":58,"column":38}},"32":{"start":{"line":59,"column":8},"end":{"line":59,"column":26}},"33":{"start":{"line":62,"column":8},"end":{"line":62,"column":29}},"34":{"start":{"line":62,"column":22},"end":{"line":62,"column":29}},"35":{"start":{"line":63,"column":8},"end":{"line":63,"column":26}},"36":{"start":{"line":68,"column":2},"end":{"line":106,"column":4}},"37":{"start":{"line":109,"column":0},"end":{"line":111,"column":2}}},"fnMap":{"0":{"name":"(anonymous_0)","decl":{"start":{"line":8,"column":38},"end":{"line":8,"column":39}},"loc":{"start":{"line":8,"column":61},"end":{"line":107,"column":1}},"line":8},"1":{"name":"(anonymous_1)","decl":{"start":{"line":16,"column":12},"end":{"line":16,"column":13}},"loc":{"start":{"line":16,"column":18},"end":{"line":19,"column":3}},"line":16},"2":{"name":"(anonymous_2)","decl":{"start":{"line":18,"column":11},"end":{"line":18,"column":12}},"loc":{"start":{"line":18,"column":17},"end":{"line":18,"column":34}},"line":18},"3":{"name":"(anonymous_3)","decl":{"start":{"line":21,"column":36},"end":{"line":21,"column":37}},"loc":{"start":{"line":21,"column":77},"end":{"line":23,"column":3}},"line":21},"4":{"name":"(anonymous_4)","decl":{"start":{"line":25,"column":36},"end":{"line":25,"column":37}},"loc":{"start":{"line":25,"column":77},"end":{"line":27,"column":3}},"line":25},"5":{"name":"(anonymous_5)","decl":{"start":{"line":29,"column":20},"end":{"line":29,"column":21}},"loc":{"start":{"line":29,"column":26},"end":{"line":47,"column":3}},"line":29},"6":{"name":"(anonymous_6)","decl":{"start":{"line":36,"column":6},"end":{"line":36,"column":7}},"loc":{"start":{"line":36,"column":47},"end":{"line":41,"column":7}},"line":36},"7":{"name":"(anonymous_7)","decl":{"start":{"line":42,"column":6},"end":{"line":42,"column":7}},"loc":{"start":{"line":42,"column":12},"end":{"line":45,"column":7}},"line":42},"8":{"name":"(anonymous_8)","decl":{"start":{"line":49,"column":20},"end":{"line":49,"column":21}},"loc":{"start":{"line":49,"column":26},"end":{"line":66,"column":3}},"line":49},"9":{"name":"(anonymous_9)","decl":{"start":{"line":56,"column":6},"end":{"line":56,"column":7}},"loc":{"start":{"line":56,"column":27},"end":{"line":60,"column":7}},"line":56},"10":{"name":"(anonymous_10)","decl":{"start":{"line":61,"column":6},"end":{"line":61,"column":7}},"loc":{"start":{"line":61,"column":12},"end":{"line":64,"column":7}},"line":61}},"branchMap":{"0":{"loc":{"start":{"line":37,"column":8},"end":{"line":37,"column":29}},"type":"if","locations":[{"start":{"line":37,"column":8},"end":{"line":37,"column":29}},{"start":{},"end":{}}],"line":37},"1":{"loc":{"start":{"line":43,"column":8},"end":{"line":43,"column":29}},"type":"if","locations":[{"start":{"line":43,"column":8},"end":{"line":43,"column":29}},{"start":{},"end":{}}],"line":43},"2":{"loc":{"start":{"line":57,"column":8},"end":{"line":57,"column":29}},"type":"if","locations":[{"start":{"line":57,"column":8},"end":{"line":57,"column":29}},{"start":{},"end":{}}],"line":57},"3":{"loc":{"start":{"line":62,"column":8},"end":{"line":62,"column":29}},"type":"if","locations":[{"start":{"line":62,"column":8},"end":{"line":62,"column":29}},{"start":{},"end":{}}],"line":62},"4":{"loc":{"start":{"line":91,"column":22},"end":{"line":91,"column":44}},"type":"binary-expr","locations":[{"start":{"line":91,"column":22},"end":{"line":91,"column":29}},{"start":{"line":91,"column":33},"end":{"line":91,"column":44}}],"line":91}},"s":{"0":0,"1":0,"2":0,"3":0,"4":0,"5":0,"6":0,"7":0,"8":0,"9":0,"10":0,"11":0,"12":0,"13":0,"14":0,"15":0,"16":0,"17":0,"18":0,"19":0,"20":0,"21":0,"22":0,"23":0,"24":0,"25":0,"26":0,"27":0,"28":0,"29":0,"30":0,"31":0,"32":0,"33":0,"34":0,"35":0,"36":0,"37":0},"f":{"0":0,"1":0,"2":0,"3":0,"4":0,"5":0,"6":0,"7":0,"8":0,"9":0,"10":0},"b":{"0":[0,0],"1":[0,0],"2":[0,0],"3":[0,0],"4":[0,0]}}
,"/Users/rj/Documents/XQ_Test/src/container/CryptoGraphy/Messaging/Messaging.types.ts": {"path":"/Users/rj/Documents/XQ_Test/src/container/CryptoGraphy/Messaging/Messaging.types.ts","statementMap":{},"fnMap":{},"branchMap":{},"s":{},"f":{},"b":{}}
,"/Users/rj/Documents/XQ_Test/src/container/CryptoGraphy/Messaging/index.ts": {"path":"/Users/rj/Documents/XQ_Test/src/container/CryptoGraphy/Messaging/index.ts","statementMap":{},"fnMap":{},"branchMap":{},"s":{},"f":{},"b":{}}
,"/Users/rj/Documents/XQ_Test/src/context/xqsdk.ts": {"path":"/Users/rj/Documents/XQ_Test/src/context/xqsdk.ts","statementMap":{"0":{"start":{"line":4,"column":19},"end":{"line":7,"column":2}},"1":{"start":{"line":9,"column":25},"end":{"line":9,"column":50}},"2":{"start":{"line":11,"column":28},"end":{"line":11,"column":65}}},"fnMap":{},"branchMap":{"0":{"loc":{"start":{"line":5,"column":14},"end":{"line":5,"column":52}},"type":"binary-expr","locations":[{"start":{"line":5,"column":14},"end":{"line":5,"column":46}},{"start":{"line":5,"column":50},"end":{"line":5,"column":52}}],"line":5},"1":{"loc":{"start":{"line":6,"column":21},"end":{"line":6,"column":66}},"type":"binary-expr","locations":[{"start":{"line":6,"column":21},"end":{"line":6,"column":60}},{"start":{"line":6,"column":64},"end":{"line":6,"column":66}}],"line":6}},"s":{"0":0,"1":0,"2":0},"f":{},"b":{"0":[0,0],"1":[0,0]}}
,"/Users/rj/Documents/XQ_Test/src/services/xqsdk.ts": {"path":"/Users/rj/Documents/XQ_Test/src/services/xqsdk.ts","statementMap":{"0":{"start":{"line":11,"column":27},"end":{"line":35,"column":1}},"1":{"start":{"line":17,"column":2},"end":{"line":34,"column":7}},"2":{"start":{"line":22,"column":6},"end":{"line":33,"column":7}},"3":{"start":{"line":24,"column":10},"end":{"line":24,"column":26}},"4":{"start":{"line":25,"column":10},"end":{"line":25,"column":16}},"5":{"start":{"line":28,"column":10},"end":{"line":28,"column":45}},"6":{"start":{"line":29,"column":10},"end":{"line":29,"column":16}},"7":{"start":{"line":32,"column":10},"end":{"line":32,"column":16}},"8":{"start":{"line":37,"column":27},"end":{"line":59,"column":1}},"9":{"start":{"line":43,"column":2},"end":{"line":58,"column":7}},"10":{"start":{"line":46,"column":6},"end":{"line":57,"column":7}},"11":{"start":{"line":48,"column":10},"end":{"line":48,"column":22}},"12":{"start":{"line":49,"column":10},"end":{"line":49,"column":16}},"13":{"start":{"line":52,"column":10},"end":{"line":52,"column":45}},"14":{"start":{"line":53,"column":10},"end":{"line":53,"column":16}},"15":{"start":{"line":56,"column":10},"end":{"line":56,"column":16}},"16":{"start":{"line":61,"column":30},"end":{"line":93,"column":1}},"17":{"start":{"line":69,"column":18},"end":{"line":73,"column":3}},"18":{"start":{"line":74,"column":2},"end":{"line":92,"column":5}},"19":{"start":{"line":75,"column":4},"end":{"line":90,"column":5}},"20":{"start":{"line":77,"column":21},"end":{"line":77,"column":37}},"21":{"start":{"line":78,"column":27},"end":{"line":78,"column":52}},"22":{"start":{"line":79,"column":30},"end":{"line":79,"column":58}},"23":{"start":{"line":80,"column":8},"end":{"line":80,"column":45}},"24":{"start":{"line":81,"column":8},"end":{"line":81,"column":14}},"25":{"start":{"line":85,"column":8},"end":{"line":85,"column":17}},"26":{"start":{"line":86,"column":8},"end":{"line":86,"column":14}},"27":{"start":{"line":89,"column":8},"end":{"line":89,"column":14}},"28":{"start":{"line":91,"column":4},"end":{"line":91,"column":20}},"29":{"start":{"line":95,"column":30},"end":{"line":124,"column":1}},"30":{"start":{"line":103,"column":2},"end":{"line":123,"column":7}},"31":{"start":{"line":109,"column":6},"end":{"line":122,"column":7}},"32":{"start":{"line":111,"column":23},"end":{"line":111,"column":46}},"33":{"start":{"line":112,"column":32},"end":{"line":112,"column":72}},"34":{"start":{"line":113,"column":10},"end":{"line":113,"column":35}},"35":{"start":{"line":114,"column":10},"end":{"line":114,"column":16}},"36":{"start":{"line":117,"column":10},"end":{"line":117,"column":19}},"37":{"start":{"line":118,"column":10},"end":{"line":118,"column":16}},"38":{"start":{"line":121,"column":10},"end":{"line":121,"column":16}}},"fnMap":{"0":{"name":"(anonymous_0)","decl":{"start":{"line":11,"column":27},"end":{"line":11,"column":28}},"loc":{"start":{"line":16,"column":5},"end":{"line":35,"column":1}},"line":16},"1":{"name":"(anonymous_1)","decl":{"start":{"line":21,"column":10},"end":{"line":21,"column":11}},"loc":{"start":{"line":21,"column":30},"end":{"line":34,"column":5}},"line":21},"2":{"name":"(anonymous_2)","decl":{"start":{"line":37,"column":27},"end":{"line":37,"column":28}},"loc":{"start":{"line":42,"column":5},"end":{"line":59,"column":1}},"line":42},"3":{"name":"(anonymous_3)","decl":{"start":{"line":45,"column":10},"end":{"line":45,"column":11}},"loc":{"start":{"line":45,"column":40},"end":{"line":58,"column":5}},"line":45},"4":{"name":"(anonymous_4)","decl":{"start":{"line":61,"column":30},"end":{"line":61,"column":31}},"loc":{"start":{"line":68,"column":5},"end":{"line":93,"column":1}},"line":68},"5":{"name":"(anonymous_5)","decl":{"start":{"line":74,"column":56},"end":{"line":74,"column":57}},"loc":{"start":{"line":74,"column":70},"end":{"line":92,"column":3}},"line":74},"6":{"name":"(anonymous_6)","decl":{"start":{"line":95,"column":30},"end":{"line":95,"column":31}},"loc":{"start":{"line":102,"column":5},"end":{"line":124,"column":1}},"line":102},"7":{"name":"(anonymous_7)","decl":{"start":{"line":108,"column":10},"end":{"line":108,"column":11}},"loc":{"start":{"line":108,"column":37},"end":{"line":123,"column":5}},"line":108}},"branchMap":{"0":{"loc":{"start":{"line":22,"column":6},"end":{"line":33,"column":7}},"type":"switch","locations":[{"start":{"line":23,"column":8},"end":{"line":26,"column":9}},{"start":{"line":27,"column":8},"end":{"line":30,"column":9}},{"start":{"line":31,"column":8},"end":{"line":32,"column":16}}],"line":22},"1":{"loc":{"start":{"line":46,"column":6},"end":{"line":57,"column":7}},"type":"switch","locations":[{"start":{"line":47,"column":8},"end":{"line":50,"column":9}},{"start":{"line":51,"column":8},"end":{"line":54,"column":9}},{"start":{"line":55,"column":8},"end":{"line":56,"column":16}}],"line":46},"2":{"loc":{"start":{"line":75,"column":4},"end":{"line":90,"column":5}},"type":"switch","locations":[{"start":{"line":76,"column":6},"end":{"line":82,"column":7}},{"start":{"line":83,"column":6},"end":{"line":87,"column":7}},{"start":{"line":88,"column":6},"end":{"line":89,"column":14}}],"line":75},"3":{"loc":{"start":{"line":109,"column":6},"end":{"line":122,"column":7}},"type":"switch","locations":[{"start":{"line":110,"column":8},"end":{"line":115,"column":9}},{"start":{"line":116,"column":8},"end":{"line":119,"column":9}},{"start":{"line":120,"column":8},"end":{"line":121,"column":16}}],"line":109}},"s":{"0":0,"1":0,"2":0,"3":0,"4":0,"5":0,"6":0,"7":0,"8":0,"9":0,"10":0,"11":0,"12":0,"13":0,"14":0,"15":0,"16":0,"17":0,"18":0,"19":0,"20":0,"21":0,"22":0,"23":0,"24":0,"25":0,"26":0,"27":0,"28":0,"29":0,"30":0,"31":0,"32":0,"33":0,"34":0,"35":0,"36":0,"37":0,"38":0},"f":{"0":0,"1":0,"2":0,"3":0,"4":0,"5":0,"6":0,"7":0},"b":{"0":[0,0,0],"1":[0,0,0],"2":[0,0,0],"3":[0,0,0]}}
,"/Users/rj/Documents/XQ_Test/src/utils/helpers.ts": {"path":"/Users/rj/Documents/XQ_Test/src/utils/helpers.ts","statementMap":{"0":{"start":{"line":1,"column":23},"end":{"line":5,"column":1}},"1":{"start":{"line":3,"column":4},"end":{"line":3,"column":155}},"2":{"start":{"line":4,"column":2},"end":{"line":4,"column":23}}},"fnMap":{"0":{"name":"(anonymous_0)","decl":{"start":{"line":1,"column":23},"end":{"line":1,"column":24}},"loc":{"start":{"line":1,"column":41},"end":{"line":5,"column":1}},"line":1}},"branchMap":{},"s":{"0":0,"1":0,"2":0},"f":{"0":0},"b":{}}
}
